<?xml version="1.0" encoding="UTF-8"?>
<!-- Generated by org.testng.reporters.JUnitXMLReporter -->
<testsuite hostname="TYERUBAN-L-1260" ignored="0" name="Dorman Products search  Test Cases" tests="12" failures="0" timestamp="26 Sep 2018 09:49:42 GMT" time="21.169" errors="0">
  <testcase name="searhc" time="0.021" classname="com.dorman.qa.testcases.DormanSearchPageTest"/>
  <testcase name="verifySearchYMMPTResult" time="0.007" classname="com.dorman.qa.testcases.DormanSearchPageTest"/>
  <testcase name="verifySearchYMMKWResult" time="0.003" classname="com.dorman.qa.testcases.DormanSearchPageTest"/>
  <testcase name="searhc" time="0.002" classname="com.dorman.qa.testcases.Page2"/>
  <testcase name="print" time="0.002" classname="com.dorman.qa.testcases.Page2"/>
  <testcase name="verifySpanishSearchResult" time="0.011" classname="com.dorman.qa.testcases.Page2"/>
  <testcase name="searhc" time="0.005" classname="com.dorman.qa.testcases.Page3"/>
  <testcase name="verifySpanishSearchResult" time="0.004" classname="com.dorman.qa.testcases.Page3"/>
  <testcase name="print" time="0.001" classname="com.dorman.qa.testcases.Page3"/>
  <testcase name="searhc" time="0.002" classname="com.dorman.qa.testcases.Parent4"/>
  <testcase name="verifySpanishSearchResult" time="0.002" classname="com.dorman.qa.testcases.Parent4"/>
  <testcase name="print" time="0.004" classname="com.dorman.qa.testcases.Parent4"/>
</testsuite> <!-- Dorman Products search  Test Cases -->
