<?xml version="1.0" encoding="UTF-8"?>
<!-- Generated by org.testng.reporters.JUnitXMLReporter -->
<testsuite hostname="TYERUBAN-L-1260" ignored="16" name="Default test" tests="3" failures="0" timestamp="25 Sep 2018 12:07:34 GMT" time="138.164" errors="0">
  <testcase name="searhc" time="0.015" classname="com.dorman.qa.testcases.DormanSearchPageTest"/>
  <testcase name="verifySearchYMMKWResult" time="34.527" classname="com.dorman.qa.testcases.DormanSearchPageTest"/>
  <testcase name="verifySearchYMMPTResult" time="36.008" classname="com.dorman.qa.testcases.DormanSearchPageTest"/>
  <testcase name="verifyRecentlyviewditemsResult" time="0.0" classname="com.dorman.qa.testcases.DormanSearchPageTest">
    <ignored/>
  </testcase> <!-- verifyRecentlyviewditemsResult -->
  <testcase name="verifyPINMILESResult" time="0.0" classname="com.dorman.qa.testcases.DormanSearchPageTest">
    <ignored/>
  </testcase> <!-- verifyPINMILESResult -->
  <testcase name="verifyBrokenlinksResult" time="0.0" classname="com.dorman.qa.testcases.DormanSearchPageTest">
    <ignored/>
  </testcase> <!-- verifyBrokenlinksResult -->
  <testcase name="verifySearchPTResult" time="0.0" classname="com.dorman.qa.testcases.DormanSearchPageTest">
    <ignored/>
  </testcase> <!-- verifySearchPTResult -->
  <testcase name="verifyAdvancedSearchResult" time="0.0" classname="com.dorman.qa.testcases.DormanSearchPageTest">
    <ignored/>
  </testcase> <!-- verifyAdvancedSearchResult -->
  <testcase name="verifySearchVINResult" time="0.0" classname="com.dorman.qa.testcases.DormanSearchPageTest">
    <ignored/>
  </testcase> <!-- verifySearchVINResult -->
  <testcase name="verifyLoginResult" time="0.0" classname="com.dorman.qa.testcases.DormanSearchPageTest">
    <ignored/>
  </testcase> <!-- verifyLoginResult -->
  <testcase name="verifySearchKEYWORDResult" time="0.0" classname="com.dorman.qa.testcases.DormanSearchPageTest">
    <ignored/>
  </testcase> <!-- verifySearchKEYWORDResult -->
  <testcase name="verifyFullTextSearchResult" time="0.0" classname="com.dorman.qa.testcases.DormanSearchPageTest">
    <ignored/>
  </testcase> <!-- verifyFullTextSearchResult -->
  <testcase name="verifySpanishSearchResult" time="0.0" classname="com.dorman.qa.testcases.DormanSearchPageTest">
    <ignored/>
  </testcase> <!-- verifySpanishSearchResult -->
  <testcase name="verifySearchPhraseResult" time="0.0" classname="com.dorman.qa.testcases.DormanSearchPageTest">
    <ignored/>
  </testcase> <!-- verifySearchPhraseResult -->
  <testcase name="verifySearchKWResult" time="0.0" classname="com.dorman.qa.testcases.DormanSearchPageTest">
    <ignored/>
  </testcase> <!-- verifySearchKWResult -->
  <testcase name="verifyViewDetailsResult" time="0.0" classname="com.dorman.qa.testcases.DormanSearchPageTest">
    <ignored/>
  </testcase> <!-- verifyViewDetailsResult -->
  <testcase name="verifySavedSearchDeletionResult" time="0.0" classname="com.dorman.qa.testcases.DormanSearchPageTest">
    <ignored/>
  </testcase> <!-- verifySavedSearchDeletionResult -->
  <testcase name="verifyNarrowSearchResult" time="0.0" classname="com.dorman.qa.testcases.DormanSearchPageTest">
    <ignored/>
  </testcase> <!-- verifyNarrowSearchResult -->
  <testcase name="verifySearchOEResult" time="0.0" classname="com.dorman.qa.testcases.DormanSearchPageTest">
    <ignored/>
  </testcase> <!-- verifySearchOEResult -->
</testsuite> <!-- Default test -->
