<?xml version="1.0" encoding="UTF-8"?>
<testng-results skipped="0" failed="0" ignored="0" total="12" passed="12">
  <reporter-output>
  </reporter-output>
  <suite name="Dorman Application Test Automation Test Suite" duration-ms="21169" started-at="2018-09-26T09:49:20Z" finished-at="2018-09-26T09:49:41Z">
    <groups>
    </groups>
    <test name="Dorman Products search  Test Cases" duration-ms="21169" started-at="2018-09-26T09:49:20Z" finished-at="2018-09-26T09:49:41Z">
      <class name="com.dorman.qa.testcases.DormanSearchPageTest">
        <test-method status="PASS" signature="setUp()[pri:0, instance:com.dorman.qa.testcases.DormanSearchPageTest@589838eb]" name="setUp" is-config="true" duration-ms="19867" started-at="2018-09-26T15:19:20Z" finished-at="2018-09-26T15:19:40Z">
          <reporter-output>
          </reporter-output>
        </test-method> <!-- setUp -->
        <test-method status="PASS" signature="setUp()[pri:0, instance:com.dorman.qa.testcases.Page2@42dafa95]" name="setUp" is-config="true" duration-ms="1" started-at="2018-09-26T15:19:40Z" finished-at="2018-09-26T15:19:40Z">
          <reporter-output>
          </reporter-output>
        </test-method> <!-- setUp -->
        <test-method status="PASS" signature="setUp()[pri:0, instance:com.dorman.qa.testcases.Page3@6500df86]" name="setUp" is-config="true" duration-ms="1" started-at="2018-09-26T15:19:40Z" finished-at="2018-09-26T15:19:40Z">
          <reporter-output>
          </reporter-output>
        </test-method> <!-- setUp -->
        <test-method status="PASS" signature="setUp()[pri:0, instance:com.dorman.qa.testcases.Parent4@402a079c]" name="setUp" is-config="true" duration-ms="0" started-at="2018-09-26T15:19:40Z" finished-at="2018-09-26T15:19:40Z">
          <reporter-output>
          </reporter-output>
        </test-method> <!-- setUp -->
        <test-method status="PASS" signature="searhc()[pri:1, instance:com.dorman.qa.testcases.DormanSearchPageTest@589838eb]" name="searhc" duration-ms="21" started-at="2018-09-26T15:19:40Z" finished-at="2018-09-26T15:19:40Z">
          <reporter-output>
          </reporter-output>
        </test-method> <!-- searhc -->
        <test-method status="PASS" signature="verifySearchYMMPTResult()[pri:2, instance:com.dorman.qa.testcases.DormanSearchPageTest@589838eb]" name="verifySearchYMMPTResult" duration-ms="7" started-at="2018-09-26T15:19:40Z" description="Search with combinations Year, Make, Model and Part type." finished-at="2018-09-26T15:19:40Z">
          <reporter-output>
          </reporter-output>
        </test-method> <!-- verifySearchYMMPTResult -->
        <test-method status="PASS" signature="verifySearchYMMKWResult()[pri:3, instance:com.dorman.qa.testcases.DormanSearchPageTest@589838eb]" name="verifySearchYMMKWResult" duration-ms="3" started-at="2018-09-26T15:19:40Z" description="Search with combination Year, Make, Model and Keyword." finished-at="2018-09-26T15:19:40Z">
          <reporter-output>
          </reporter-output>
        </test-method> <!-- verifySearchYMMKWResult -->
        <test-method status="PASS" signature="tearDown()[pri:0, instance:com.dorman.qa.testcases.DormanSearchPageTest@589838eb]" name="tearDown" is-config="true" duration-ms="647" started-at="2018-09-26T15:19:40Z" finished-at="2018-09-26T15:19:41Z">
          <reporter-output>
          </reporter-output>
        </test-method> <!-- tearDown -->
        <test-method status="PASS" signature="tearDown()[pri:0, instance:com.dorman.qa.testcases.Page2@42dafa95]" name="tearDown" is-config="true" duration-ms="220" started-at="2018-09-26T15:19:41Z" finished-at="2018-09-26T15:19:41Z">
          <reporter-output>
          </reporter-output>
        </test-method> <!-- tearDown -->
        <test-method status="PASS" signature="tearDown()[pri:0, instance:com.dorman.qa.testcases.Page3@6500df86]" name="tearDown" is-config="true" duration-ms="136" started-at="2018-09-26T15:19:41Z" finished-at="2018-09-26T15:19:41Z">
          <reporter-output>
          </reporter-output>
        </test-method> <!-- tearDown -->
        <test-method status="PASS" signature="tearDown()[pri:0, instance:com.dorman.qa.testcases.Parent4@402a079c]" name="tearDown" is-config="true" duration-ms="139" started-at="2018-09-26T15:19:41Z" finished-at="2018-09-26T15:19:41Z">
          <reporter-output>
          </reporter-output>
        </test-method> <!-- tearDown -->
      </class> <!-- com.dorman.qa.testcases.DormanSearchPageTest -->
      <class name="com.dorman.qa.testcases.Page2">
        <test-method status="PASS" signature="searhc()[pri:5, instance:com.dorman.qa.testcases.Page2@42dafa95]" name="searhc" duration-ms="2" started-at="2018-09-26T15:19:40Z" finished-at="2018-09-26T15:19:40Z">
          <reporter-output>
          </reporter-output>
        </test-method> <!-- searhc -->
        <test-method status="PASS" signature="print()[pri:6, instance:com.dorman.qa.testcases.Page2@42dafa95]" name="print" duration-ms="2" started-at="2018-09-26T15:19:40Z" finished-at="2018-09-26T15:19:40Z">
          <reporter-output>
          </reporter-output>
        </test-method> <!-- print -->
        <test-method status="PASS" signature="verifySpanishSearchResult()[pri:6, instance:com.dorman.qa.testcases.Page2@42dafa95]" name="verifySpanishSearchResult" duration-ms="11" started-at="2018-09-26T15:19:40Z" description="Select Spanish Language." finished-at="2018-09-26T15:19:40Z">
          <reporter-output>
          </reporter-output>
        </test-method> <!-- verifySpanishSearchResult -->
      </class> <!-- com.dorman.qa.testcases.Page2 -->
      <class name="com.dorman.qa.testcases.Page3">
        <test-method status="PASS" signature="searhc()[pri:7, instance:com.dorman.qa.testcases.Page3@6500df86]" name="searhc" duration-ms="5" started-at="2018-09-26T15:19:40Z" finished-at="2018-09-26T15:19:40Z">
          <reporter-output>
          </reporter-output>
        </test-method> <!-- searhc -->
        <test-method status="PASS" signature="verifySpanishSearchResult()[pri:8, instance:com.dorman.qa.testcases.Page3@6500df86]" name="verifySpanishSearchResult" duration-ms="4" started-at="2018-09-26T15:19:40Z" description="Select Spanish Language." finished-at="2018-09-26T15:19:40Z">
          <reporter-output>
          </reporter-output>
        </test-method> <!-- verifySpanishSearchResult -->
        <test-method status="PASS" signature="print()[pri:9, instance:com.dorman.qa.testcases.Page3@6500df86]" name="print" duration-ms="1" started-at="2018-09-26T15:19:40Z" finished-at="2018-09-26T15:19:40Z">
          <reporter-output>
          </reporter-output>
        </test-method> <!-- print -->
      </class> <!-- com.dorman.qa.testcases.Page3 -->
      <class name="com.dorman.qa.testcases.Parent4">
        <test-method status="PASS" signature="searhc()[pri:10, instance:com.dorman.qa.testcases.Parent4@402a079c]" name="searhc" duration-ms="2" started-at="2018-09-26T15:19:40Z" finished-at="2018-09-26T15:19:40Z">
          <reporter-output>
          </reporter-output>
        </test-method> <!-- searhc -->
        <test-method status="PASS" signature="verifySpanishSearchResult()[pri:11, instance:com.dorman.qa.testcases.Parent4@402a079c]" name="verifySpanishSearchResult" duration-ms="2" started-at="2018-09-26T15:19:40Z" description="Select Spanish Language." finished-at="2018-09-26T15:19:40Z">
          <reporter-output>
          </reporter-output>
        </test-method> <!-- verifySpanishSearchResult -->
        <test-method status="PASS" signature="print()[pri:12, instance:com.dorman.qa.testcases.Parent4@402a079c]" name="print" duration-ms="4" started-at="2018-09-26T15:19:40Z" finished-at="2018-09-26T15:19:40Z">
          <reporter-output>
          </reporter-output>
        </test-method> <!-- print -->
      </class> <!-- com.dorman.qa.testcases.Parent4 -->
    </test> <!-- Dorman Products search  Test Cases -->
  </suite> <!-- Dorman Application Test Automation Test Suite -->
</testng-results>
